<?xml version="1.0" encoding="UTF-8"?>
<testng-results total="1" passed="1" failed="0" skipped="0">
  <reporter-output>
  </reporter-output>
  <suite started-at="2019-03-05T15:56:01Z" name="Default suite" finished-at="2019-03-05T15:56:03Z" duration-ms="1481">
    <groups>
    </groups>
    <test started-at="2019-03-05T15:56:01Z" name="Default test" finished-at="2019-03-05T15:56:03Z" duration-ms="1481">
      <class name="arpit.automation.selenium.ReadExcel">
        <test-method signature="readExcel()" started-at="2019-03-05T15:56:01Z" name="readExcel" finished-at="2019-03-05T15:56:03Z" duration-ms="1446" status="PASS">
        </test-method>
      </class>
    </test>
  </suite>
</testng-results>
